Flow report for Lab_4a
Wed Oct 11 11:01:40 2017
Quartus II 64-Bit Version 13.0.1 Build 232 06/12/2013 Service Pack 1 SJ Web Edition


---------------------
; Table of Contents ;
---------------------
  1. Legal Notice
  2. Flow Summary
  3. Flow Settings
  4. Flow Non-Default Global Settings
  5. Flow Elapsed Time
  6. Flow OS Summary
  7. Flow Log
  8. Flow Messages
  9. Flow Suppressed Messages



----------------
; Legal Notice ;
----------------
Copyright (C) 1991-2013 Altera Corporation
Your use of Altera Corporation's design tools, logic functions 
and other software and tools, and its AMPP partner logic 
functions, and any output files from any of the foregoing 
(including device programming or simulation files), and any 
associated documentation or information are expressly subject 
to the terms and conditions of the Altera Program License 
Subscription Agreement, Altera MegaCore Function License 
Agreement, or other applicable license agreement, including, 
without limitation, that your use is for the sole purpose of 
programming logic devices manufactured by Altera and sold by 
Altera or its authorized distributors.  Please refer to the 
applicable agreement for further details.



+--------------------------------------------------------------------------------------+
; Flow Summary                                                                         ;
+------------------------------------+-------------------------------------------------+
; Flow Status                        ; Successful - Wed Oct 11 11:01:40 2017           ;
; Quartus II 64-Bit Version          ; 13.0.1 Build 232 06/12/2013 SP 1 SJ Web Edition ;
; Revision Name                      ; Lab_4a                                          ;
; Top-level Entity Name              ; Lab_4a_Verilog                                  ;
; Family                             ; Cyclone III                                     ;
; Device                             ; EP3C16F484C6                                    ;
; Timing Models                      ; Final                                           ;
; Total logic elements               ; 20 / 15,408 ( < 1 % )                           ;
;     Total combinational functions  ; 20 / 15,408 ( < 1 % )                           ;
;     Dedicated logic registers      ; 0 / 15,408 ( 0 % )                              ;
; Total registers                    ; 0                                               ;
; Total pins                         ; 24 / 347 ( 7 % )                                ;
; Total virtual pins                 ; 0                                               ;
; Total memory bits                  ; 0 / 516,096 ( 0 % )                             ;
; Embedded Multiplier 9-bit elements ; 0 / 112 ( 0 % )                                 ;
; Total PLLs                         ; 0 / 4 ( 0 % )                                   ;
+------------------------------------+-------------------------------------------------+


+-----------------------------------------+
; Flow Settings                           ;
+-------------------+---------------------+
; Option            ; Setting             ;
+-------------------+---------------------+
; Start date & time ; 10/11/2017 11:01:09 ;
; Main task         ; Compilation         ;
; Revision Name     ; Lab_4a              ;
+-------------------+---------------------+


+-------------------------------------------------------------------------------------------------------------------------------+
; Flow Non-Default Global Settings                                                                                              ;
+-------------------------------------+---------------------------------------+---------------+----------------+----------------+
; Assignment Name                     ; Value                                 ; Default Value ; Entity Name    ; Section Id     ;
+-------------------------------------+---------------------------------------+---------------+----------------+----------------+
; COMPILER_SIGNATURE_ID               ; 0.150773406915733                     ; --            ; --             ; --             ;
; EDA_OUTPUT_DATA_FORMAT              ; Verilog Hdl                           ; --            ; --             ; eda_simulation ;
; EDA_SIMULATION_TOOL                 ; ModelSim-Altera (Verilog)             ; <None>        ; --             ; --             ;
; MAX_CORE_JUNCTION_TEMP              ; 85                                    ; --            ; --             ; --             ;
; MIN_CORE_JUNCTION_TEMP              ; 0                                     ; --            ; --             ; --             ;
; OUTPUT_IO_TIMING_FAR_END_VMEAS      ; Half Signal Swing                     ; --            ; --             ; --             ;
; OUTPUT_IO_TIMING_FAR_END_VMEAS      ; Half Signal Swing                     ; --            ; --             ; --             ;
; OUTPUT_IO_TIMING_NEAR_END_VMEAS     ; Half Vccio                            ; --            ; --             ; --             ;
; OUTPUT_IO_TIMING_NEAR_END_VMEAS     ; Half Vccio                            ; --            ; --             ; --             ;
; PARTITION_COLOR                     ; 14622752                              ; --            ; DE0_Default    ; Top            ;
; PARTITION_COLOR                     ; 16764057                              ; --            ; Lab3a_s1       ; Top            ;
; PARTITION_COLOR                     ; 16764057                              ; --            ; Lab3b          ; Top            ;
; PARTITION_COLOR                     ; 16764057                              ; --            ; Lab_4a_Verilog ; Top            ;
; PARTITION_FITTER_PRESERVATION_LEVEL ; PLACEMENT_AND_ROUTING                 ; --            ; Lab3a_s1       ; Top            ;
; PARTITION_FITTER_PRESERVATION_LEVEL ; PLACEMENT_AND_ROUTING                 ; --            ; Lab3b          ; Top            ;
; PARTITION_FITTER_PRESERVATION_LEVEL ; PLACEMENT_AND_ROUTING                 ; --            ; Lab_4a_Verilog ; Top            ;
; PARTITION_NETLIST_TYPE              ; SOURCE                                ; --            ; DE0_Default    ; Top            ;
; PARTITION_NETLIST_TYPE              ; SOURCE                                ; --            ; Lab3a_s1       ; Top            ;
; PARTITION_NETLIST_TYPE              ; SOURCE                                ; --            ; Lab3b          ; Top            ;
; PARTITION_NETLIST_TYPE              ; SOURCE                                ; --            ; Lab_4a_Verilog ; Top            ;
; POWER_BOARD_THERMAL_MODEL           ; None (CONSERVATIVE)                   ; --            ; --             ; --             ;
; POWER_PRESET_COOLING_SOLUTION       ; 23 MM HEAT SINK WITH 200 LFPM AIRFLOW ; --            ; --             ; --             ;
; PROJECT_OUTPUT_DIRECTORY            ; output_files                          ; --            ; --             ; --             ;
; TOP_LEVEL_ENTITY                    ; Lab_4a_Verilog                        ; Lab_4a        ; --             ; --             ;
+-------------------------------------+---------------------------------------+---------------+----------------+----------------+


+-------------------------------------------------------------------------------------------------------------------------------+
; Flow Elapsed Time                                                                                                             ;
+---------------------------+--------------+-------------------------+---------------------+------------------------------------+
; Module Name               ; Elapsed Time ; Average Processors Used ; Peak Virtual Memory ; Total CPU Time (on all processors) ;
+---------------------------+--------------+-------------------------+---------------------+------------------------------------+
; Analysis & Synthesis      ; 00:00:02     ; 1.0                     ; 541 MB              ; 00:00:02                           ;
; Fitter                    ; 00:00:08     ; 1.0                     ; 727 MB              ; 00:00:09                           ;
; Assembler                 ; 00:00:02     ; 1.0                     ; 541 MB              ; 00:00:02                           ;
; TimeQuest Timing Analyzer ; 00:00:03     ; 1.0                     ; 544 MB              ; 00:00:02                           ;
; EDA Netlist Writer        ; 00:00:01     ; 1.0                     ; 778 MB              ; 00:00:01                           ;
; Total                     ; 00:00:16     ; --                      ; --                  ; 00:00:16                           ;
+---------------------------+--------------+-------------------------+---------------------+------------------------------------+


+-------------------------------------------------------------------------------------------------+
; Flow OS Summary                                                                                 ;
+---------------------------+------------------+----------------+----------------+----------------+
; Module Name               ; Machine Hostname ; OS Name        ; OS Version     ; Processor type ;
+---------------------------+------------------+----------------+----------------+----------------+
; Analysis & Synthesis      ; p40              ; Antergos Linux ; Antergos Linux ; x86_64         ;
; Fitter                    ; p40              ; Antergos Linux ; Antergos Linux ; x86_64         ;
; Assembler                 ; p40              ; Antergos Linux ; Antergos Linux ; x86_64         ;
; TimeQuest Timing Analyzer ; p40              ; Antergos Linux ; Antergos Linux ; x86_64         ;
; EDA Netlist Writer        ; p40              ; Antergos Linux ; Antergos Linux ; x86_64         ;
+---------------------------+------------------+----------------+----------------+----------------+


------------
; Flow Log ;
------------
quartus_map --read_settings_files=on --write_settings_files=off Lab_4a -c Lab_4a
quartus_fit --read_settings_files=off --write_settings_files=off Lab_4a -c Lab_4a
quartus_asm --read_settings_files=off --write_settings_files=off Lab_4a -c Lab_4a
quartus_sta Lab_4a -c Lab_4a
quartus_eda --read_settings_files=off --write_settings_files=off Lab_4a -c Lab_4a



